time="2023-12-05 08:01:47" level=info msg="账号/密码错误"
time="2023-12-05 08:03:13" level=info msg="用户已存在"
time="2023-12-05 13:38:33" level=info msg="用户已存在"
time="2023-12-05 13:38:54" level=info msg="账号/密码错误"
time="2023-12-05 13:41:16" level=info msg="原密码不能为空"
time="2023-12-05 13:45:28" level=info msg="原密码错误"
time="2023-12-05 14:23:19" level=info msg="原密码错误"
time="2023-12-05 14:23:23" level=info msg="原密码不能为空"
time="2023-12-05 14:23:33" level=info msg="账号/密码错误"
time="2023-12-05 14:40:15" level=info msg="用户已存在"
time="2023-12-05 14:40:29" level=info msg="账号/密码错误"
time="2023-12-05 14:40:48" level=info msg="原密码不能为空"
time="2023-12-05 14:40:52" level=info msg="原密码错误"
time="2023-12-05 14:41:00" level=info msg="账号/密码错误"
time="2023-12-05 14:41:30" level=info msg="Error 1062 (23000): Duplicate entry 'test2' for key 'user_name'"
time="2023-12-05 21:59:20" level=info msg="获取用户信息错误"
time="2023-12-05 21:59:33" level=info msg="用户已存在"
time="2023-12-05 23:13:07" level=info msg="用户已存在"
time="2023-12-05 23:13:20" level=info msg="账号/密码错误"
time="2023-12-05 23:13:43" level=info msg="原密码不能为空"
time="2023-12-05 23:13:47" level=info msg="原密码错误"
time="2023-12-05 23:13:53" level=info msg="账号/密码错误"
